[debug] [2017-09-29T21:20:25.565Z] ----------------------------------------------------------------------
[debug] [2017-09-29T21:20:25.568Z] Command:       C:\Program Files\nodejs\node.exe C:\Users\Green\AppData\Roaming\npm\node_modules\firebase-tools\bin\firebase deploy
[debug] [2017-09-29T21:20:25.569Z] CLI Version:   3.10.0
[debug] [2017-09-29T21:20:25.570Z] Platform:      win32
[debug] [2017-09-29T21:20:25.570Z] Node Version:  v6.10.0
[debug] [2017-09-29T21:20:25.571Z] Time:          Fri Sep 29 2017 14:20:25 GMT-0700 (Pacific Daylight Time)
[debug] [2017-09-29T21:20:25.572Z] ----------------------------------------------------------------------
[debug] 
[debug] [2017-09-29T21:20:25.598Z] > command requires scopes: ["email","openid","https://www.googleapis.com/auth/cloudplatformprojects.readonly","https://www.googleapis.com/auth/firebase","https://www.googleapis.com/auth/cloud-platform"]
[debug] [2017-09-29T21:20:25.598Z] > authorizing via signed-in user
[debug] [2017-09-29T21:20:25.602Z] > refreshing access token with scopes: ["email","https://www.googleapis.com/auth/cloud-platform","https://www.googleapis.com/auth/cloudplatformprojects.readonly","https://www.googleapis.com/auth/firebase","openid"]
[debug] [2017-09-29T21:20:25.602Z] >>> HTTP REQUEST POST https://www.googleapis.com/oauth2/v3/token { refresh_token: '1/gvzk7L8FUUIN6tDjhgHk2L9cwGbjIOPzmNzU0II7fyQ',
  client_id: '563584335869-fgrhgmd47bqnekij5i8b5pr03ho849e6.apps.googleusercontent.com',
  client_secret: 'j9iVZfS8kkCEFUPaAeJV0sAi',
  grant_type: 'refresh_token',
  scope: 'email https://www.googleapis.com/auth/cloud-platform https://www.googleapis.com/auth/cloudplatformprojects.readonly https://www.googleapis.com/auth/firebase openid' } 
 Fri Sep 29 2017 14:20:25 GMT-0700 (Pacific Daylight Time)
[debug] [2017-09-29T21:20:25.777Z] <<< HTTP RESPONSE 200
[debug] [2017-09-29T21:20:25.811Z] >>> HTTP REQUEST GET https://admin.firebase.com/v1/projects/matthew-caswell-portfolio  
 Fri Sep 29 2017 14:20:25 GMT-0700 (Pacific Daylight Time)
[debug] [2017-09-29T21:20:26.265Z] <<< HTTP RESPONSE 200
[debug] [2017-09-29T21:20:26.266Z] >>> HTTP REQUEST GET https://admin.firebase.com/v1/database/matthew-caswell-portfolio/tokens  
 Fri Sep 29 2017 14:20:26 GMT-0700 (Pacific Daylight Time)
[debug] [2017-09-29T21:20:46.788Z] <<< HTTP RESPONSE 500
[debug] [2017-09-29T21:20:46.789Z] <<< HTTP RESPONSE BODY
[error] 
[error] Error: HTTP Error: 500, An unknown error occurred. Please contact support.
[debug] [2017-09-29T21:20:46.916Z] Error Context: {
  "body": {
    "error": {
      "code": "UNKNOWN_ERROR",
      "message": "An unknown error occurred. Please contact support."
    }
  },
  "response": {
    "statusCode": 500,
    "body": {
      "error": {
        "code": "UNKNOWN_ERROR",
        "message": "An unknown error occurred. Please contact support."
      }
    },
    "headers": {
      "server": "nginx",
      "date": "Fri, 29 Sep 2017 21:20:46 GMT",
      "content-type": "application/json; charset=utf-8",
      "content-length": "97",
      "connection": "close",
      "x-content-type-options": "nosniff"
    },
    "request": {
      "uri": {
        "protocol": "https:",
        "slashes": true,
        "auth": null,
        "host": "admin.firebase.com",
        "port": 443,
        "hostname": "admin.firebase.com",
        "hash": null,
        "search": null,
        "query": null,
        "pathname": "/v1/database/matthew-caswell-portfolio/tokens",
        "path": "/v1/database/matthew-caswell-portfolio/tokens",
        "href": "https://admin.firebase.com/v1/database/matthew-caswell-portfolio/tokens"
      },
      "method": "GET"
    }
  }
}
